<?xml version="1.0" encoding="utf-8"?><testsuites name="pytest tests"><testsuite name="pytest" errors="0" failures="0" skipped="0" tests="8" time="2.919" timestamp="2026-05-10T15:31:54.668109+00:00" hostname="agent-env-3d651a81-bd2d-4e16-8a44-49e88bd3738c"><testcase classname="backend.tests.test_iteration35_recommendations_diversity.TestPersonalisedRecommendations" name="test_source_is_personalised_and_quality" time="0.970" /><testcase classname="backend.tests.test_iteration35_recommendations_diversity.TestPersonalisedRecommendations" name="test_excludes_favorites_and_likes" time="0.181" /><testcase classname="backend.tests.test_iteration35_recommendations_diversity.TestPersonalisedRecommendations" name="test_three_calls_have_variation" time="0.617" /><testcase classname="backend.tests.test_iteration35_recommendations_diversity.TestTrendingRecommendations" name="test_source_is_trending_for_new_user" time="0.529" /><testcase classname="backend.tests.test_iteration35_recommendations_diversity.TestTrendingRecommendations" name="test_three_calls_have_variation_trending" time="0.401" /><testcase classname="backend.tests.test_iteration35_recommendations_diversity.TestNonRegression" name="test_history_ok" time="0.053" /><testcase classname="backend.tests.test_iteration35_recommendations_diversity.TestNonRegression" name="test_favorites_ok" time="0.051" /><testcase classname="backend.tests.test_iteration35_recommendations_diversity.TestNonRegression" name="test_tv_progress_unmark_all_endpoint_exists" time="0.057" /></testsuite></testsuites>