<?xml version="1.0" encoding="utf-8"?><testsuites name="pytest tests"><testsuite name="pytest" errors="0" failures="1" skipped="1" tests="18" time="34.241" timestamp="2026-05-12T14:17:31.054046+00:00" hostname="agent-env-69b865aa-9bb3-413e-be7a-16a4509001ec"><testcase classname="backend.tests.test_iteration40_uploader_recos" name="test_uploader_allowed_get[/api/admin/enhanced-stats]" time="30.987" /><testcase classname="backend.tests.test_iteration40_uploader_recos" name="test_uploader_allowed_get[/api/admin/online-users]" time="0.078" /><testcase classname="backend.tests.test_iteration40_uploader_recos" name="test_uploader_allowed_get[/api/admin/watching-now]" time="0.072" /><testcase classname="backend.tests.test_iteration40_uploader_recos" name="test_uploader_tv_channels_crud" time="0.223" /><testcase classname="backend.tests.test_iteration40_uploader_recos" name="test_uploader_radio_crud" time="0.221" /><testcase classname="backend.tests.test_iteration40_uploader_recos" name="test_uploader_music_crud" time="0.234" /><testcase classname="backend.tests.test_iteration40_uploader_recos" name="test_uploader_software_crud" time="0.239" /><testcase classname="backend.tests.test_iteration40_uploader_recos" name="test_uploader_games_crud" time="0.253" /><testcase classname="backend.tests.test_iteration40_uploader_recos" name="test_uploader_ebooks_crud" time="0.232" /><testcase classname="backend.tests.test_iteration40_uploader_recos" name="test_uploader_retrogaming_crud" time="0.216" /><testcase classname="backend.tests.test_iteration40_uploader_recos" name="test_uploader_can_update_content_request" time="0.491"><skipped type="pytest.skip" message="no existing content-requests">/app/backend/tests/test_iteration40_uploader_recos.py:119: no existing content-requests</skipped></testcase><testcase classname="backend.tests.test_iteration40_uploader_recos" name="test_uploader_forbidden_get[/api/admin/users]" time="0.070" /><testcase classname="backend.tests.test_iteration40_uploader_recos" name="test_uploader_forbidden_get[/api/admin/vip-codes]" time="0.073" /><testcase classname="backend.tests.test_iteration40_uploader_recos" name="test_uploader_forbidden_broadcast" time="0.070" /><testcase classname="backend.tests.test_iteration40_uploader_recos" name="test_uploader_forbidden_vip_code_create" time="0.072" /><testcase classname="backend.tests.test_iteration40_uploader_recos" name="test_uploader_forbidden_info_banner" time="0.068"><failure message="AssertionError: info-banner POST should be 403, got 405&#10;assert 405 == 403&#10; +  where 405 = &lt;Response [405]&gt;.status_code">E   AssertionError: info-banner POST should be 403, got 405
    assert 405 == 403
     +  where 405 = &lt;Response [405]&gt;.status_code</failure></testcase><testcase classname="backend.tests.test_iteration40_uploader_recos" name="test_uploader_forbidden_changelogs" time="0.076" /><testcase classname="backend.tests.test_iteration40_uploader_recos" name="test_recommendations_excludes_history" time="0.486" /></testsuite></testsuites>