<?xml version="1.0" encoding="utf-8"?><testsuites name="pytest tests"><testsuite name="pytest" errors="0" failures="0" skipped="0" tests="9" time="6.012" timestamp="2026-04-21T23:21:23.567531+00:00" hostname="agent-env-2eb4e8cd-a0e7-4f8c-8d2d-570f1cedc2ca"><testcase classname="backend.tests.test_iteration32_bugfixes.TestPlatformReviewsNoSeed" name="test_no_seed_user_reviews" time="0.152" /><testcase classname="backend.tests.test_iteration32_bugfixes.TestRegisterAndActivity" name="test_register_then_activity_logged" time="0.840" /><testcase classname="backend.tests.test_iteration32_bugfixes.TestRegisterAndActivity" name="test_register_rate_limit_threshold_30_not_5" time="2.213" /><testcase classname="backend.tests.test_iteration32_bugfixes.TestActivateCodeActivity" name="test_admin_generates_code_and_user_activates" time="0.390" /><testcase classname="backend.tests.test_iteration32_bugfixes.TestPlayActivity" name="test_history_post_logs_play" time="0.357" /><testcase classname="backend.tests.test_iteration32_bugfixes.TestMarkAllWatchedStats" name="test_breaking_bad_mark_all_and_stats" time="0.927" /><testcase classname="backend.tests.test_iteration32_bugfixes.TestMarkAllWatchedStats" name="test_detailed_stats_movies_only_formula" time="0.768" /><testcase classname="backend.tests.test_iteration32_bugfixes.TestAdminActivitiesFormat" name="test_admin_activities_admin_only" time="0.146" /><testcase classname="backend.tests.test_iteration32_bugfixes.TestAdminActivitiesFormat" name="test_admin_activities_shape" time="0.130" /></testsuite></testsuites>