<?xml version="1.0" encoding="utf-8"?><testsuites name="pytest tests"><testsuite name="pytest" errors="0" failures="0" skipped="0" tests="10" time="266.016" timestamp="2026-05-10T16:12:34.418592+00:00" hostname="agent-env-3d651a81-bd2d-4e16-8a44-49e88bd3738c"><testcase classname="backend.tests.test_iteration38_xp_bonus_notify_fast.TestNotify" name="test_unauth_returns_401" time="0.778" /><testcase classname="backend.tests.test_iteration38_xp_bonus_notify_fast.TestNotify" name="test_non_admin_returns_403" time="0.513" /><testcase classname="backend.tests.test_iteration38_xp_bonus_notify_fast.TestNotify" name="test_missing_event_returns_404" time="0.054" /><testcase classname="backend.tests.test_iteration38_xp_bonus_notify_fast.TestNotify" name="test_admin_broadcast_success" time="0.584" /><testcase classname="backend.tests.test_iteration38_xp_bonus_notify_fast.TestBonusXp" name="test_first_movie_grants_20_bonus" time="65.701" /><testcase classname="backend.tests.test_iteration38_xp_bonus_notify_fast.TestBonusXp" name="test_repost_within_1h_no_double" time="0.595" /><testcase classname="backend.tests.test_iteration38_xp_bonus_notify_fast.TestBonusXp" name="test_tv_content_type_skipped" time="0.517" /><testcase classname="backend.tests.test_iteration38_xp_bonus_notify_fast.TestBonusXp" name="test_clean_user_defaults" time="0.468" /><testcase classname="backend.tests.test_iteration38_xp_bonus_notify_fast.TestBonusEdgeCases" name="test_xp_multiplier_one_no_bonus" time="130.937" /><testcase classname="backend.tests.test_iteration38_xp_bonus_notify_fast.TestBonusEdgeCases" name="test_no_active_event_no_bonus" time="65.734" /></testsuite></testsuites>