<?xml version="1.0" encoding="utf-8"?><testsuites name="pytest tests"><testsuite name="pytest" errors="0" failures="0" skipped="0" tests="11" time="1.754" timestamp="2026-05-10T00:23:45.655751+00:00" hostname="agent-env-f3b35849-787d-4410-b300-90fa8d9d14e2"><testcase classname="backend.tests.test_iteration34_tv_progress_mark_unmark.TestTVProgressCycle" name="test_1_initial_state_is_empty" time="0.471" /><testcase classname="backend.tests.test_iteration34_tv_progress_mark_unmark.TestTVProgressCycle" name="test_2_mark_all_watched_creates_progress_and_history" time="0.315" /><testcase classname="backend.tests.test_iteration34_tv_progress_mark_unmark.TestTVProgressCycle" name="test_3_unmark_all_watched_clears_progress_and_history" time="0.158" /><testcase classname="backend.tests.test_iteration34_tv_progress_mark_unmark.TestTVProgressCycle" name="test_4_single_episode_mark_creates_progress" time="0.100" /><testcase classname="backend.tests.test_iteration34_tv_progress_mark_unmark.TestTVProgressCycle" name="test_5_unmark_episode_sets_false" time="0.098" /><testcase classname="backend.tests.test_iteration34_tv_progress_mark_unmark.TestTVProgressCycle" name="test_6_unmark_all_requires_auth" time="0.142" /><testcase classname="backend.tests.test_iteration34_tv_progress_mark_unmark.TestTVProgressCycle" name="test_7_cleanup" time="0.049" /><testcase classname="backend.tests.test_iteration34_tv_progress_mark_unmark.TestNonRegression" name="test_history_endpoint_ok" time="0.047" /><testcase classname="backend.tests.test_iteration34_tv_progress_mark_unmark.TestNonRegression" name="test_favorites_endpoint_ok" time="0.047" /><testcase classname="backend.tests.test_iteration34_tv_progress_mark_unmark.TestNonRegression" name="test_recommendations_endpoint_ok" time="0.145" /><testcase classname="backend.tests.test_iteration34_tv_progress_mark_unmark.TestNonRegression" name="test_favorite_toggle_round_trip" time="0.097" /></testsuite></testsuites>