<?xml version="1.0" encoding="utf-8"?><testsuites name="pytest tests"><testsuite name="pytest" errors="0" failures="0" skipped="1" tests="6" time="11.283" timestamp="2026-05-11T09:53:22.484035+00:00" hostname="agent-env-86d9fee5-aaec-455e-bc3f-0c304859b02a"><testcase classname="backend.tests.test_iteration39_runtime_xp.TestMarkAllWatched" name="test_mark_all_returns_total_episodes_and_runtime" time="3.311" /><testcase classname="backend.tests.test_iteration39_runtime_xp.TestDetailedStatsRealRuntime" name="test_total_watch_time_uses_real_runtime" time="3.197" /><testcase classname="backend.tests.test_iteration39_runtime_xp.TestUnmarkAllWatched" name="test_unmark_clears_progress_and_history" time="3.832" /><testcase classname="backend.tests.test_iteration39_runtime_xp.TestHistoryRuntimeField" name="test_post_history_with_runtime_stores_runtime_min" time="0.386" /><testcase classname="backend.tests.test_iteration39_runtime_xp.TestRecomputeWatchTime" name="test_recompute_endpoint_responds" time="0.157" /><testcase classname="backend.tests.test_iteration39_runtime_xp.TestXPBaseValues" name="test_xp_breakdown_uses_new_values" time="0.154"><skipped type="pytest.skip" message="/api/user/xp not available (404)">/app/backend/tests/test_iteration39_runtime_xp.py:205: /api/user/xp not available (404)</skipped></testcase></testsuite></testsuites>