<?xml version="1.0" encoding="utf-8"?><testsuites name="pytest tests"><testsuite name="pytest" errors="0" failures="0" skipped="0" tests="11" time="3.433" timestamp="2026-05-10T15:31:46.568646+00:00" hostname="agent-env-3d651a81-bd2d-4e16-8a44-49e88bd3738c"><testcase classname="backend.tests.test_iteration37_seasonal_events.TestPublicSeasonalEvents" name="test_active_returns_null_in_may" time="0.267" /><testcase classname="backend.tests.test_iteration37_seasonal_events.TestPublicSeasonalEvents" name="test_list_returns_all_5_defaults" time="0.120" /><testcase classname="backend.tests.test_iteration37_seasonal_events.TestAdminAuthGating" name="test_admin_list_requires_auth" time="0.109" /><testcase classname="backend.tests.test_iteration37_seasonal_events.TestAdminAuthGating" name="test_admin_create_requires_auth" time="0.148" /><testcase classname="backend.tests.test_iteration37_seasonal_events.TestAdminAuthGating" name="test_admin_delete_requires_auth" time="0.109" /><testcase classname="backend.tests.test_iteration37_seasonal_events.TestAdminCRUD" name="test_admin_list_with_auth" time="0.399" /><testcase classname="backend.tests.test_iteration37_seasonal_events.TestAdminCRUD" name="test_create_event_covering_may_makes_active" time="0.561" /><testcase classname="backend.tests.test_iteration37_seasonal_events.TestAdminCRUD" name="test_update_event_persists" time="0.556" /><testcase classname="backend.tests.test_iteration37_seasonal_events.TestAdminCRUD" name="test_update_nonexistent_returns_404" time="0.054" /><testcase classname="backend.tests.test_iteration37_seasonal_events.TestAdminCRUD" name="test_delete_event_removes_from_active" time="0.439" /><testcase classname="backend.tests.test_iteration37_seasonal_events.TestActiveFlagLogic" name="test_inactive_event_not_returned_by_active_endpoint" time="0.609" /></testsuite></testsuites>