<?xml version="1.0" encoding="utf-8"?><testsuites name="pytest tests"><testsuite name="pytest" errors="0" failures="0" skipped="0" tests="27" time="8.679" timestamp="2026-05-09T22:25:31.116791+00:00" hostname="agent-env-9c57e651-99ac-40ae-99cc-c8f2bdc3ec5b"><testcase classname="backend.tests.test_iteration33_vip_game_recos.TestVipGameConfig" name="test_public_config_hides_win_rate" time="0.134" /><testcase classname="backend.tests.test_iteration33_vip_game_recos.TestVipGameConfig" name="test_admin_get_config_full" time="0.448" /><testcase classname="backend.tests.test_iteration33_vip_game_recos.TestVipGameConfig" name="test_admin_get_config_forbidden_for_user" time="0.436" /><testcase classname="backend.tests.test_iteration33_vip_game_recos.TestVipGameConfig" name="test_admin_put_config_persists" time="0.220" /><testcase classname="backend.tests.test_iteration33_vip_game_recos.TestVipGameConfig" name="test_admin_put_config_forbidden_for_user" time="0.117" /><testcase classname="backend.tests.test_iteration33_vip_game_recos.TestVipGamePlay" name="test_status_structure" time="0.342" /><testcase classname="backend.tests.test_iteration33_vip_game_recos.TestVipGamePlay" name="test_play_then_cooldown_and_winrate100" time="0.687" /><testcase classname="backend.tests.test_iteration33_vip_game_recos.TestVipGamePlay" name="test_play_disabled" time="0.444" /><testcase classname="backend.tests.test_iteration33_vip_game_recos.TestVipGamePlay" name="test_max_winners_per_day_caps_wins" time="0.674" /><testcase classname="backend.tests.test_iteration33_vip_game_recos.TestVipGamePlay" name="test_winners_list" time="0.738" /><testcase classname="backend.tests.test_iteration33_vip_game_recos.TestAdminListCapsRemoved" name="test_endpoint_returns_ok[/api/admin/users-500]" time="0.109" /><testcase classname="backend.tests.test_iteration33_vip_game_recos.TestAdminListCapsRemoved" name="test_endpoint_returns_ok[/api/staff-messages-100]" time="0.117" /><testcase classname="backend.tests.test_iteration33_vip_game_recos.TestAdminListCapsRemoved" name="test_endpoint_returns_ok[/api/content-requests-100]" time="0.109" /><testcase classname="backend.tests.test_iteration33_vip_game_recos.TestAdminListCapsRemoved" name="test_endpoint_returns_ok[/api/admin/online-users-None]" time="0.106" /><testcase classname="backend.tests.test_iteration33_vip_game_recos.TestAdminListCapsRemoved" name="test_endpoint_returns_ok[/api/admin/watching-now-None]" time="0.106" /><testcase classname="backend.tests.test_iteration33_vip_game_recos.TestAdminListCapsRemoved" name="test_endpoint_returns_ok[/api/admin/cinema-rooms-100]" time="0.106" /><testcase classname="backend.tests.test_iteration33_vip_game_recos.TestAdminListCapsRemoved" name="test_endpoint_returns_ok[/api/tv-channels-500]" time="0.107" /><testcase classname="backend.tests.test_iteration33_vip_game_recos.TestAdminListCapsRemoved" name="test_endpoint_returns_ok[/api/radio-stations-500]" time="0.139" /><testcase classname="backend.tests.test_iteration33_vip_game_recos.TestAdminListCapsRemoved" name="test_endpoint_returns_ok[/api/music-200]" time="0.115" /><testcase classname="backend.tests.test_iteration33_vip_game_recos.TestAdminListCapsRemoved" name="test_endpoint_returns_ok[/api/games-200]" time="0.108" /><testcase classname="backend.tests.test_iteration33_vip_game_recos.TestAdminListCapsRemoved" name="test_endpoint_returns_ok[/api/retrogaming-500]" time="0.109" /><testcase classname="backend.tests.test_iteration33_vip_game_recos.TestAdminListCapsRemoved" name="test_endpoint_returns_ok[/api/admin/activities-200]" time="0.117" /><testcase classname="backend.tests.test_iteration33_vip_game_recos.TestAdminListCapsRemoved" name="test_endpoint_returns_ok[/api/admin/vip-codes-200]" time="0.115" /><testcase classname="backend.tests.test_iteration33_vip_game_recos.TestAdminListCapsRemoved" name="test_ebooks_admin_high_limit" time="0.118" /><testcase classname="backend.tests.test_iteration33_vip_game_recos.TestAdminListCapsRemoved" name="test_software_admin_high_limit" time="0.105" /><testcase classname="backend.tests.test_iteration33_vip_game_recos.TestRecommendations" name="test_no_history_returns_trending" time="0.571" /><testcase classname="backend.tests.test_iteration33_vip_game_recos.TestRecommendations" name="test_with_history_returns_personalised_and_excludes_seen" time="2.106" /></testsuite></testsuites>