<?xml version="1.0" encoding="utf-8"?><testsuites name="pytest tests"><testsuite name="pytest" errors="0" failures="0" skipped="0" tests="17" time="20.845" timestamp="2026-05-10T21:53:59.899827+00:00" hostname="agent-env-9f18c0e4-8220-42e1-a5ba-8178667044c3"><testcase classname="backend.tests.test_iteration38_playlists_collections.TestPublicPlaylistsEnhanced" name="test_sort_by_variants_return_200[recent]" time="0.400" /><testcase classname="backend.tests.test_iteration38_playlists_collections.TestPublicPlaylistsEnhanced" name="test_sort_by_variants_return_200[oldest]" time="0.825" /><testcase classname="backend.tests.test_iteration38_playlists_collections.TestPublicPlaylistsEnhanced" name="test_sort_by_variants_return_200[likes]" time="0.787" /><testcase classname="backend.tests.test_iteration38_playlists_collections.TestPublicPlaylistsEnhanced" name="test_sort_by_variants_return_200[dislikes]" time="0.828" /><testcase classname="backend.tests.test_iteration38_playlists_collections.TestPublicPlaylistsEnhanced" name="test_sort_by_variants_return_200[size]" time="0.821" /><testcase classname="backend.tests.test_iteration38_playlists_collections.TestPublicPlaylistsEnhanced" name="test_sort_by_variants_return_200[name]" time="0.285" /><testcase classname="backend.tests.test_iteration38_playlists_collections.TestPublicPlaylistsEnhanced" name="test_sort_by_variants_return_200[random]" time="0.303" /><testcase classname="backend.tests.test_iteration38_playlists_collections.TestPublicPlaylistsEnhanced" name="test_response_shape" time="0.576" /><testcase classname="backend.tests.test_iteration38_playlists_collections.TestPublicPlaylistsEnhanced" name="test_no_staff_pinning_when_data_present" time="0.410" /><testcase classname="backend.tests.test_iteration38_playlists_collections.TestPublicPlaylistsStats" name="test_stats_endpoint" time="0.480" /><testcase classname="backend.tests.test_iteration38_playlists_collections.TestPopularCollections" name="test_popularity_default" time="13.797" /><testcase classname="backend.tests.test_iteration38_playlists_collections.TestPopularCollections" name="test_target_at_least_100" time="0.140" /><testcase classname="backend.tests.test_iteration38_playlists_collections.TestPopularCollections" name="test_pagination_and_name_sort" time="0.244" /><testcase classname="backend.tests.test_iteration38_playlists_collections.TestPopularCollections" name="test_search_marvel" time="0.333" /><testcase classname="backend.tests.test_iteration38_playlists_collections.TestPopularCollections" name="test_sort_by_size" time="0.134" /><testcase classname="backend.tests.test_iteration38_playlists_collections.TestExistingEndpoints" name="test_tmdb_collection_by_id" time="0.212" /><testcase classname="backend.tests.test_iteration38_playlists_collections.TestExistingEndpoints" name="test_tmdb_collections_search" time="0.119" /></testsuite></testsuites>