<?xml version="1.0" encoding="utf-8"?><testsuites name="pytest tests"><testsuite name="pytest" errors="0" failures="0" skipped="0" tests="11" time="331.783" timestamp="2026-05-10T16:04:27.623176+00:00" hostname="agent-env-3d651a81-bd2d-4e16-8a44-49e88bd3738c"><testcase classname="backend.tests.test_iteration38_xp_bonus_and_notify.TestNotifyEndpoint" name="test_notify_unauthenticated_returns_401" time="0.851" /><testcase classname="backend.tests.test_iteration38_xp_bonus_and_notify.TestNotifyEndpoint" name="test_notify_non_admin_returns_403" time="0.525" /><testcase classname="backend.tests.test_iteration38_xp_bonus_and_notify.TestNotifyEndpoint" name="test_notify_missing_event_returns_404" time="0.057" /><testcase classname="backend.tests.test_iteration38_xp_bonus_and_notify.TestNotifyEndpoint" name="test_notify_admin_broadcasts_to_users" time="0.620" /><testcase classname="backend.tests.test_iteration38_xp_bonus_and_notify.TestBonusXpPhaseA" name="test_first_watch_drama_movie_grants_bonus" time="65.814" /><testcase classname="backend.tests.test_iteration38_xp_bonus_and_notify.TestBonusXpPhaseA" name="test_repost_within_1h_does_not_double_bonus" time="0.620" /><testcase classname="backend.tests.test_iteration38_xp_bonus_and_notify.TestBonusXpPhaseA" name="test_non_matching_content_type_no_bonus" time="0.500" /><testcase classname="backend.tests.test_iteration38_xp_bonus_and_notify.TestBonusXpPhaseA" name="test_genre_filter_excludes_non_overlapping_movie" time="0.589" /><testcase classname="backend.tests.test_iteration38_xp_bonus_and_notify.TestBonusXpPhaseA" name="test_stats_xp_bonus_default_zero_for_clean_user" time="0.469" /><testcase classname="backend.tests.test_iteration38_xp_bonus_and_notify.TestBonusXpEdgeCases" name="test_xp_multiplier_one_yields_no_bonus" time="130.794" /><testcase classname="backend.tests.test_iteration38_xp_bonus_and_notify.TestBonusXpEdgeCases" name="test_no_active_event_yields_no_bonus" time="130.854" /></testsuite></testsuites>