<?xml version="1.0" encoding="utf-8"?><testsuites name="pytest tests"><testsuite name="pytest" errors="0" failures="1" skipped="0" tests="8" time="3.510" timestamp="2026-05-10T00:36:47.963613+00:00" hostname="agent-env-f3b35849-787d-4410-b300-90fa8d9d14e2"><testcase classname="backend.tests.test_iteration35_recommendations_diversity.TestPersonalisedRecommendations" name="test_source_is_personalised_and_quality" time="1.239" /><testcase classname="backend.tests.test_iteration35_recommendations_diversity.TestPersonalisedRecommendations" name="test_excludes_favorites_and_likes" time="0.448" /><testcase classname="backend.tests.test_iteration35_recommendations_diversity.TestPersonalisedRecommendations" name="test_three_calls_have_variation" time="0.711" /><testcase classname="backend.tests.test_iteration35_recommendations_diversity.TestTrendingRecommendations" name="test_source_is_trending_for_new_user" time="0.508" /><testcase classname="backend.tests.test_iteration35_recommendations_diversity.TestTrendingRecommendations" name="test_three_calls_have_variation_trending" time="0.364"><failure message="AssertionError: Trending recos not varying enough: min overlap=0.89&#10;assert 0.8888888888888888 &lt; 0.5">backend/tests/test_iteration35_recommendations_diversity.py:171: in test_three_calls_have_variation_trending
    assert min_ov &lt; 0.5, (
E   AssertionError: Trending recos not varying enough: min overlap=0.89
E   assert 0.8888888888888888 &lt; 0.5</failure></testcase><testcase classname="backend.tests.test_iteration35_recommendations_diversity.TestNonRegression" name="test_history_ok" time="0.050" /><testcase classname="backend.tests.test_iteration35_recommendations_diversity.TestNonRegression" name="test_favorites_ok" time="0.050" /><testcase classname="backend.tests.test_iteration35_recommendations_diversity.TestNonRegression" name="test_tv_progress_unmark_all_endpoint_exists" time="0.056" /></testsuite></testsuites>