<?xml version="1.0" encoding="utf-8"?><testsuites name="pytest tests"><testsuite name="pytest" errors="0" failures="0" skipped="0" tests="19" time="3.073" timestamp="2026-04-19T15:31:11.635924+00:00" hostname="agent-env-551f956c-2935-4f82-afdb-c642475149ff"><testcase classname="backend.tests.test_iteration28_info_banner_rich.TestInfoBannerRichFields" name="test_put_info_banner_accepts_all_rich_fields" time="0.454" /><testcase classname="backend.tests.test_iteration28_info_banner_rich.TestInfoBannerRichFields" name="test_get_info_banner_returns_null_when_disabled" time="0.184" /><testcase classname="backend.tests.test_iteration28_info_banner_rich.TestInfoBannerRichFields" name="test_get_info_banner_returns_null_when_enabled_but_empty_content" time="0.172" /><testcase classname="backend.tests.test_iteration28_info_banner_rich.TestInfoBannerRichFields" name="test_get_info_banner_returns_banner_with_only_image_url" time="0.182" /><testcase classname="backend.tests.test_iteration28_info_banner_rich.TestInfoBannerRichFields" name="test_get_info_banner_returns_banner_with_title_only" time="0.148" /><testcase classname="backend.tests.test_iteration28_info_banner_rich.TestInfoBannerRichFields" name="test_get_info_banner_returns_banner_with_message_only" time="0.178" /><testcase classname="backend.tests.test_iteration28_info_banner_rich.TestInfoBannerVersioning" name="test_version_increments_on_content_change" time="0.087" /><testcase classname="backend.tests.test_iteration28_info_banner_rich.TestInfoBannerVersioning" name="test_version_increments_on_enabling" time="0.140" /><testcase classname="backend.tests.test_iteration28_info_banner_rich.TestInfoBannerVersioning" name="test_version_does_not_increment_on_same_content" time="0.098" /><testcase classname="backend.tests.test_iteration28_info_banner_rich.TestInfoBannerAuth" name="test_put_info_banner_requires_auth" time="0.112" /><testcase classname="backend.tests.test_iteration28_info_banner_rich.TestInfoBannerAuth" name="test_get_admin_info_banner_requires_auth" time="0.110" /><testcase classname="backend.tests.test_iteration28_info_banner_rich.TestAdminInfoBannerGet" name="test_admin_get_returns_config_when_disabled" time="0.100" /><testcase classname="backend.tests.test_iteration28_info_banner_rich.TestAdminInfoBannerGet" name="test_admin_get_returns_config_when_empty_content" time="0.086" /><testcase classname="backend.tests.test_iteration28_info_banner_rich.TestTVChannelsCRUD" name="test_put_tv_channel_accepts_rich_fields" time="0.091" /><testcase classname="backend.tests.test_iteration28_info_banner_rich.TestTVChannelsCRUD" name="test_get_tv_channels_includes_updated_fields" time="0.266" /><testcase classname="backend.tests.test_iteration28_info_banner_rich.TestRadioStationsCRUD" name="test_put_radio_station_accepts_rich_fields" time="0.088" /><testcase classname="backend.tests.test_iteration28_info_banner_rich.TestRadioStationsCRUD" name="test_get_radio_stations_includes_updated_fields" time="0.203" /><testcase classname="backend.tests.test_iteration28_info_banner_rich.TestTVChannelsAuthRequired" name="test_put_tv_channel_requires_auth" time="0.114" /><testcase classname="backend.tests.test_iteration28_info_banner_rich.TestRadioStationsAuthRequired" name="test_put_radio_station_requires_auth" time="0.145" /></testsuite></testsuites>