<?xml version="1.0" encoding="utf-8"?><testsuites name="pytest tests"><testsuite name="pytest" errors="0" failures="0" skipped="0" tests="27" time="8.756" timestamp="2026-04-15T00:46:12.040540+00:00" hostname="agent-env-f6a58170-39bc-4271-9da9-2b70411851bc"><testcase classname="backend.tests.test_wavewatch_iteration3.TestHealthAndBasic" name="test_health_endpoint" time="0.211" /><testcase classname="backend.tests.test_wavewatch_iteration3.TestAuthentication" name="test_login_admin_success" time="0.394" /><testcase classname="backend.tests.test_wavewatch_iteration3.TestAuthentication" name="test_login_invalid_credentials" time="0.129" /><testcase classname="backend.tests.test_wavewatch_iteration3.TestLeaderboard" name="test_leaderboard_public" time="0.140" /><testcase classname="backend.tests.test_wavewatch_iteration3.TestLeaderboard" name="test_vip_game_winners_public" time="0.186" /><testcase classname="backend.tests.test_wavewatch_iteration3.TestCinemaRoomsPublic" name="test_cinema_rooms_public" time="0.160" /><testcase classname="backend.tests.test_wavewatch_iteration3.TestTVChannels" name="test_tv_channels" time="0.125" /><testcase classname="backend.tests.test_wavewatch_iteration3.TestPlaylistsPublic" name="test_discover_playlists" time="0.122" /><testcase classname="backend.tests.test_wavewatch_iteration3.TestTMDBIntegration" name="test_trending_movies" time="0.291" /><testcase classname="backend.tests.test_wavewatch_iteration3.TestTMDBIntegration" name="test_trending_tv" time="0.230" /><testcase classname="backend.tests.test_wavewatch_iteration3.TestTMDBIntegration" name="test_trending_anime" time="0.221" /><testcase classname="backend.tests.test_wavewatch_iteration3.TestTMDBIntegration" name="test_popular_movies" time="0.204" /><testcase classname="backend.tests.test_wavewatch_iteration3.TestTMDBIntegration" name="test_popular_tv" time="0.201" /><testcase classname="backend.tests.test_wavewatch_iteration3.TestTMDBIntegration" name="test_popular_persons" time="0.208" /><testcase classname="backend.tests.test_wavewatch_iteration3.TestTMDBIntegration" name="test_upcoming_movies" time="0.184" /><testcase classname="backend.tests.test_wavewatch_iteration3.TestTMDBIntegration" name="test_collections_search" time="0.208" /><testcase classname="backend.tests.test_wavewatch_iteration3.TestAuthenticatedEndpoints" name="test_achievements_requires_auth" time="0.133" /><testcase classname="backend.tests.test_wavewatch_iteration3.TestAuthenticatedEndpoints" name="test_achievements_authenticated" time="0.519" /><testcase classname="backend.tests.test_wavewatch_iteration3.TestAuthenticatedEndpoints" name="test_admin_cinema_rooms_requires_auth" time="0.143" /><testcase classname="backend.tests.test_wavewatch_iteration3.TestAuthenticatedEndpoints" name="test_admin_cinema_rooms_get" time="0.558" /><testcase classname="backend.tests.test_wavewatch_iteration3.TestAuthenticatedEndpoints" name="test_admin_cinema_rooms_create_and_delete" time="1.002" /><testcase classname="backend.tests.test_wavewatch_iteration3.TestAuthenticatedEndpoints" name="test_admin_stats" time="0.509" /><testcase classname="backend.tests.test_wavewatch_iteration3.TestAuthenticatedEndpoints" name="test_admin_users" time="0.488" /><testcase classname="backend.tests.test_wavewatch_iteration3.TestAuthenticatedEndpoints" name="test_admin_site_settings_get" time="0.492" /><testcase classname="backend.tests.test_wavewatch_iteration3.TestAuthenticatedEndpoints" name="test_admin_site_settings_update" time="0.536" /><testcase classname="backend.tests.test_wavewatch_iteration3.TestAuthenticatedEndpoints" name="test_user_stats" time="0.486" /><testcase classname="backend.tests.test_wavewatch_iteration3.TestAuthenticatedEndpoints" name="test_vip_game_status" time="0.525" /></testsuite></testsuites>