<?xml version="1.0" encoding="utf-8"?><testsuites name="pytest tests"><testsuite name="pytest" errors="0" failures="0" skipped="0" tests="16" time="4.925" timestamp="2026-04-15T17:17:44.293331+00:00" hostname="agent-env-40b26e6f-ebb0-4305-b585-5ab9125bd49d"><testcase classname="backend.tests.test_wavewatch_iteration14.TestHealthAndBasicEndpoints" name="test_health_endpoint" time="0.205" /><testcase classname="backend.tests.test_wavewatch_iteration14.TestTMDBEndpoints" name="test_on_the_air_endpoint" time="0.398" /><testcase classname="backend.tests.test_wavewatch_iteration14.TestTMDBEndpoints" name="test_upcoming_tv_endpoint" time="0.247" /><testcase classname="backend.tests.test_wavewatch_iteration14.TestTMDBEndpoints" name="test_upcoming_movies_endpoint" time="0.210" /><testcase classname="backend.tests.test_wavewatch_iteration14.TestTMDBEndpoints" name="test_upcoming_movies_page_2" time="0.327" /><testcase classname="backend.tests.test_wavewatch_iteration14.TestCollectionsEndpoints" name="test_collection_search" time="0.223" /><testcase classname="backend.tests.test_wavewatch_iteration14.TestCollectionsEndpoints" name="test_collection_detail" time="0.264" /><testcase classname="backend.tests.test_wavewatch_iteration14.TestCollectionsEndpoints" name="test_collection_detail_marvel" time="0.506" /><testcase classname="backend.tests.test_wavewatch_iteration14.TestCollectionsEndpoints" name="test_collection_detail_harry_potter" time="0.485" /><testcase classname="backend.tests.test_wavewatch_iteration14.TestTrendingEndpoints" name="test_trending_movies" time="0.235" /><testcase classname="backend.tests.test_wavewatch_iteration14.TestTrendingEndpoints" name="test_trending_tv" time="0.232" /><testcase classname="backend.tests.test_wavewatch_iteration14.TestTrendingEndpoints" name="test_trending_anime" time="0.209" /><testcase classname="backend.tests.test_wavewatch_iteration14.TestAuthEndpoints" name="test_login_with_valid_credentials" time="0.365" /><testcase classname="backend.tests.test_wavewatch_iteration14.TestAuthEndpoints" name="test_login_with_invalid_credentials" time="0.336" /><testcase classname="backend.tests.test_wavewatch_iteration14.TestMovieDetailEndpoints" name="test_movie_detail" time="0.306" /><testcase classname="backend.tests.test_wavewatch_iteration14.TestMovieDetailEndpoints" name="test_tv_detail" time="0.284" /></testsuite></testsuites>