<?xml version="1.0" encoding="utf-8"?><testsuites name="pytest tests"><testsuite name="pytest" errors="0" failures="0" skipped="0" tests="29" time="21.684" timestamp="2026-04-19T16:49:26.306984+00:00" hostname="agent-env-551f956c-2935-4f82-afdb-c642475149ff"><testcase classname="backend.tests.test_iteration31_download_links_grouping.TestMediaTypesEndpoint" name="test_media_types_returns_list" time="0.524" /><testcase classname="backend.tests.test_iteration31_download_links_grouping.TestMediaTypesEndpoint" name="test_media_types_contains_expected_values" time="0.278" /><testcase classname="backend.tests.test_iteration31_download_links_grouping.TestMediaTypesEndpoint" name="test_media_types_is_sorted" time="0.281" /><testcase classname="backend.tests.test_iteration31_download_links_grouping.TestMediaTypesEndpoint" name="test_media_types_is_public" time="0.271" /><testcase classname="backend.tests.test_iteration31_download_links_grouping.TestMediaTypesEndpoint" name="test_media_types_no_credentials_leak" time="0.235" /><testcase classname="backend.tests.test_iteration31_download_links_grouping.TestDownloadLinksGrouping" name="test_default_returns_grouped_items" time="3.615" /><testcase classname="backend.tests.test_iteration31_download_links_grouping.TestDownloadLinksGrouping" name="test_grouped_total_is_groups_not_rows" time="0.132" /><testcase classname="backend.tests.test_iteration31_download_links_grouping.TestDownloadLinksGrouping" name="test_ungrouped_returns_raw_rows" time="2.863" /><testcase classname="backend.tests.test_iteration31_download_links_grouping.TestDownloadLinksGrouping" name="test_grouped_item_has_required_fields" time="0.305" /><testcase classname="backend.tests.test_iteration31_download_links_grouping.TestDownloadLinksGrouping" name="test_group_type_values" time="1.692" /><testcase classname="backend.tests.test_iteration31_download_links_grouping.TestDownloadLinksGrouping" name="test_tv_season_has_episode_info" time="2.311" /><testcase classname="backend.tests.test_iteration31_download_links_grouping.TestDownloadLinksGrouping" name="test_episode_range_format" time="0.229" /><testcase classname="backend.tests.test_iteration31_download_links_grouping.TestDownloadLinksGrouping" name="test_qualities_is_array" time="0.107" /><testcase classname="backend.tests.test_iteration31_download_links_grouping.TestDownloadLinksGrouping" name="test_languages_is_array" time="0.107" /><testcase classname="backend.tests.test_iteration31_download_links_grouping.TestDownloadLinksGrouping" name="test_uploaders_count_is_integer" time="0.104" /><testcase classname="backend.tests.test_iteration31_download_links_grouping.TestDownloadLinksGrouping" name="test_movies_stay_individual" time="1.535" /><testcase classname="backend.tests.test_iteration31_download_links_grouping.TestGroupingFilters" name="test_filter_by_uploader_with_grouping" time="1.252" /><testcase classname="backend.tests.test_iteration31_download_links_grouping.TestGroupingFilters" name="test_filter_by_media_type_movie" time="0.101" /><testcase classname="backend.tests.test_iteration31_download_links_grouping.TestGroupingFilters" name="test_filter_by_media_type_tv" time="0.101" /><testcase classname="backend.tests.test_iteration31_download_links_grouping.TestGroupingPagination" name="test_pagination_works_on_grouped_results" time="0.203" /><testcase classname="backend.tests.test_iteration31_download_links_grouping.TestGroupingPagination" name="test_has_more_flag" time="0.113" /><testcase classname="backend.tests.test_iteration31_download_links_grouping.TestGroupingSorting" name="test_sort_created_at_desc" time="0.105" /><testcase classname="backend.tests.test_iteration31_download_links_grouping.TestGroupingSorting" name="test_sort_quality_desc" time="4.046" /><testcase classname="backend.tests.test_iteration31_download_links_grouping.TestCaching" name="test_cache_makes_second_request_fast" time="0.220" /><testcase classname="backend.tests.test_iteration31_download_links_grouping.TestRecentEndpoint" name="test_recent_still_deduplicates" time="0.266" /><testcase classname="backend.tests.test_iteration31_download_links_grouping.TestSecurity" name="test_no_supabase_credentials_in_download_links" time="0.108" /><testcase classname="backend.tests.test_iteration31_download_links_grouping.TestSecurity" name="test_security_headers_present" time="0.113" /><testcase classname="backend.tests.test_iteration31_download_links_grouping.TestEdgeCases" name="test_empty_uploader_filter" time="0.247" /><testcase classname="backend.tests.test_iteration31_download_links_grouping.TestEdgeCases" name="test_group_false_explicit" time="0.104" /></testsuite></testsuites>