<?xml version="1.0" encoding="utf-8"?><testsuites name="pytest tests"><testsuite name="pytest" errors="0" failures="0" skipped="0" tests="21" time="4.777" timestamp="2026-04-14T23:18:57.607528+00:00" hostname="agent-env-f6a58170-39bc-4271-9da9-2b70411851bc"><testcase classname="backend.tests.test_wavewatch_api.TestHealthAndBasicEndpoints" name="test_health_endpoint" time="0.190" /><testcase classname="backend.tests.test_wavewatch_api.TestHealthAndBasicEndpoints" name="test_feedback_stats" time="0.123" /><testcase classname="backend.tests.test_wavewatch_api.TestTMDBIntegration" name="test_trending_movies" time="0.245" /><testcase classname="backend.tests.test_wavewatch_api.TestTMDBIntegration" name="test_trending_tv" time="0.168" /><testcase classname="backend.tests.test_wavewatch_api.TestTMDBIntegration" name="test_trending_anime" time="0.165" /><testcase classname="backend.tests.test_wavewatch_api.TestTMDBIntegration" name="test_popular_movies" time="0.166" /><testcase classname="backend.tests.test_wavewatch_api.TestTMDBIntegration" name="test_popular_tv" time="0.162" /><testcase classname="backend.tests.test_wavewatch_api.TestTMDBIntegration" name="test_popular_persons" time="0.200" /><testcase classname="backend.tests.test_wavewatch_api.TestTMDBIntegration" name="test_upcoming_movies" time="0.165" /><testcase classname="backend.tests.test_wavewatch_api.TestTMDBIntegration" name="test_movie_genres" time="0.185" /><testcase classname="backend.tests.test_wavewatch_api.TestAuthentication" name="test_auth_me_unauthorized" time="0.098" /><testcase classname="backend.tests.test_wavewatch_api.TestAuthentication" name="test_login_success" time="0.364" /><testcase classname="backend.tests.test_wavewatch_api.TestAuthentication" name="test_login_invalid_credentials" time="0.103" /><testcase classname="backend.tests.test_wavewatch_api.TestAuthentication" name="test_auth_me_with_token" time="0.516" /><testcase classname="backend.tests.test_wavewatch_api.TestVIPGame" name="test_vip_game_winners" time="0.100" /><testcase classname="backend.tests.test_wavewatch_api.TestVIPGame" name="test_vip_game_status_unauthorized" time="0.101" /><testcase classname="backend.tests.test_wavewatch_api.TestUserEndpoints" name="test_user_history_unauthorized" time="0.108" /><testcase classname="backend.tests.test_wavewatch_api.TestUserEndpoints" name="test_user_playlists_unauthorized" time="0.108" /><testcase classname="backend.tests.test_wavewatch_api.TestAuthenticatedEndpoints" name="test_vip_game_status_authenticated" time="0.450" /><testcase classname="backend.tests.test_wavewatch_api.TestAuthenticatedEndpoints" name="test_user_history_authenticated" time="0.489" /><testcase classname="backend.tests.test_wavewatch_api.TestAuthenticatedEndpoints" name="test_playlists_authenticated" time="0.480" /></testsuite></testsuites>