<?xml version="1.0" encoding="utf-8"?><testsuites name="pytest tests"><testsuite name="pytest" errors="0" failures="0" skipped="0" tests="21" time="8.979" timestamp="2026-04-19T14:41:56.760143+00:00" hostname="agent-env-551f956c-2935-4f82-afdb-c642475149ff"><testcase classname="backend.tests.test_security_hardening.TestHealthAndSecurityHeaders" name="test_health_endpoint_returns_200" time="0.294" /><testcase classname="backend.tests.test_security_hardening.TestHealthAndSecurityHeaders" name="test_security_headers_present" time="0.110" /><testcase classname="backend.tests.test_security_hardening.TestAdminLogin" name="test_admin_login_success" time="0.391" /><testcase classname="backend.tests.test_security_hardening.TestPasswordValidation" name="test_reject_password_too_short" time="0.131" /><testcase classname="backend.tests.test_security_hardening.TestPasswordValidation" name="test_reject_password_no_uppercase" time="0.109" /><testcase classname="backend.tests.test_security_hardening.TestPasswordValidation" name="test_reject_password_no_digit" time="0.102" /><testcase classname="backend.tests.test_security_hardening.TestEmailValidation" name="test_reject_invalid_email_format" time="0.114" /><testcase classname="backend.tests.test_security_hardening.TestEmailValidation" name="test_reject_email_without_domain" time="0.143" /><testcase classname="backend.tests.test_security_hardening.TestValidRegistration" name="test_register_valid_user" time="0.383" /><testcase classname="backend.tests.test_security_hardening.TestRegisterRateLimit" name="test_register_rate_limit" time="2.010" /><testcase classname="backend.tests.test_security_hardening.TestLoginRateLimit" name="test_login_rate_limit_bad_password" time="2.025" /><testcase classname="backend.tests.test_security_hardening.TestAuthenticatedEndpoints" name="test_auth_me_with_token" time="0.446" /><testcase classname="backend.tests.test_security_hardening.TestAuthenticatedEndpoints" name="test_favorites_toggle" time="0.429" /><testcase classname="backend.tests.test_security_hardening.TestAuthenticatedEndpoints" name="test_playlists_get" time="0.450" /><testcase classname="backend.tests.test_security_hardening.TestAuthenticatedEndpoints" name="test_admin_stats_with_admin_token" time="0.453" /><testcase classname="backend.tests.test_security_hardening.TestAdminEndpointProtection" name="test_admin_stats_without_auth_returns_401" time="0.127" /><testcase classname="backend.tests.test_security_hardening.TestAdminEndpointProtection" name="test_admin_stats_with_non_admin_returns_403" time="0.433" /><testcase classname="backend.tests.test_security_hardening.TestTMDBEndpoints" name="test_tmdb_trending_movies" time="0.333" /><testcase classname="backend.tests.test_security_hardening.TestCORS" name="test_cors_options_request" time="0.068" /><testcase classname="backend.tests.test_security_hardening.TestSecurityHeadersOnAllEndpoints" name="test_security_headers_on_auth_endpoint" time="0.113" /><testcase classname="backend.tests.test_security_hardening.TestSecurityHeadersOnAllEndpoints" name="test_security_headers_on_tmdb_endpoint" time="0.224" /></testsuite></testsuites>