<?xml version="1.0" encoding="utf-8"?><testsuites name="pytest tests"><testsuite name="pytest" errors="0" failures="0" skipped="0" tests="12" time="3.413" timestamp="2026-04-15T20:32:28.309462+00:00" hostname="agent-env-40b26e6f-ebb0-4305-b585-5ab9125bd49d"><testcase classname="backend.tests.test_iteration16.TestHealth" name="test_health_endpoint" time="0.323" /><testcase classname="backend.tests.test_iteration16.TestAuth" name="test_login" time="0.393" /><testcase classname="backend.tests.test_iteration16.TestNotifications" name="test_get_notifications" time="0.431" /><testcase classname="backend.tests.test_iteration16.TestNotifications" name="test_mark_all_read" time="0.391" /><testcase classname="backend.tests.test_iteration16.TestNotifications" name="test_delete_notification_endpoint_exists" time="0.389" /><testcase classname="backend.tests.test_iteration16.TestTMDBProxy" name="test_trending_movies" time="0.255" /><testcase classname="backend.tests.test_iteration16.TestTMDBProxy" name="test_trending_tv" time="0.236" /><testcase classname="backend.tests.test_iteration16.TestTMDBProxy" name="test_on_the_air" time="0.226" /><testcase classname="backend.tests.test_iteration16.TestTMDBProxy" name="test_tv_details" time="0.193" /><testcase classname="backend.tests.test_iteration16.TestTMDBProxy" name="test_popular_persons" time="0.198" /><testcase classname="backend.tests.test_iteration16.TestTMDBProxy" name="test_collections_search" time="0.200" /><testcase classname="backend.tests.test_iteration16.TestTVChannels" name="test_get_tv_channels" time="0.100" /></testsuite></testsuites>