<?xml version="1.0" encoding="utf-8"?><testsuites name="pytest tests"><testsuite name="pytest" errors="0" failures="0" skipped="0" tests="27" time="9.819" timestamp="2026-04-19T16:11:20.636804+00:00" hostname="agent-env-551f956c-2935-4f82-afdb-c642475149ff"><testcase classname="backend.tests.test_iteration29_download_links.TestDownloadLinksRecent" name="test_recent_returns_items_with_tmdb_enrichment" time="0.881" /><testcase classname="backend.tests.test_iteration29_download_links.TestDownloadLinksRecent" name="test_recent_deduplicates_by_tmdb_id_media_type" time="0.538" /><testcase classname="backend.tests.test_iteration29_download_links.TestDownloadLinksRecent" name="test_recent_items_contain_required_fields" time="0.252" /><testcase classname="backend.tests.test_iteration29_download_links.TestDownloadLinksPaginated" name="test_paginated_returns_correct_structure" time="0.329" /><testcase classname="backend.tests.test_iteration29_download_links.TestDownloadLinksPaginated" name="test_quality_filter" time="0.197" /><testcase classname="backend.tests.test_iteration29_download_links.TestDownloadLinksPaginated" name="test_media_type_filter" time="0.635" /><testcase classname="backend.tests.test_iteration29_download_links.TestDownloadLinksPaginated" name="test_search_filter" time="0.649" /><testcase classname="backend.tests.test_iteration29_download_links.TestDownloadLinksPaginated" name="test_sort_ascending" time="0.394" /><testcase classname="backend.tests.test_iteration29_download_links.TestDownloadLinksPaginated" name="test_combined_filters" time="0.840" /><testcase classname="backend.tests.test_iteration29_download_links.TestDownloadLinksForContent" name="test_for_content_movie" time="0.723" /><testcase classname="backend.tests.test_iteration29_download_links.TestDownloadLinksForContent" name="test_for_content_tv_with_season_episode" time="0.934" /><testcase classname="backend.tests.test_iteration29_download_links.TestDownloadLinksForContent" name="test_for_content_invalid_media_type" time="0.051" /><testcase classname="backend.tests.test_iteration29_download_links.TestDownloadLinksConfig" name="test_config_public_no_auth" time="0.119" /><testcase classname="backend.tests.test_iteration29_download_links.TestDownloadLinksConfig" name="test_admin_config_update_requires_auth" time="0.109" /><testcase classname="backend.tests.test_iteration29_download_links.TestDownloadLinksConfig" name="test_admin_config_update_requires_admin_role" time="0.584" /><testcase classname="backend.tests.test_iteration29_download_links.TestDownloadLinksConfig" name="test_admin_config_update_clamps_limit" time="0.581" /><testcase classname="backend.tests.test_iteration29_download_links.TestDownloadLinksAdminStats" name="test_stats_requires_auth" time="0.109" /><testcase classname="backend.tests.test_iteration29_download_links.TestDownloadLinksAdminStats" name="test_stats_returns_total_and_last_24h" time="0.272" /><testcase classname="backend.tests.test_iteration29_download_links.TestSecuritySupabaseCredentials" name="test_recent_no_supabase_key_in_response" time="0.185" /><testcase classname="backend.tests.test_iteration29_download_links.TestSecuritySupabaseCredentials" name="test_paginated_no_supabase_key_in_response" time="0.190" /><testcase classname="backend.tests.test_iteration29_download_links.TestSecuritySupabaseCredentials" name="test_for_content_no_supabase_key_in_response" time="0.220" /><testcase classname="backend.tests.test_iteration29_download_links.TestSecuritySupabaseCredentials" name="test_config_no_supabase_key_in_response" time="0.064" /><testcase classname="backend.tests.test_iteration29_download_links.TestSecurityFiltering" name="test_recent_only_active_valid_approved" time="0.230" /><testcase classname="backend.tests.test_iteration29_download_links.TestSecurityFiltering" name="test_paginated_only_active_valid_approved" time="0.195" /><testcase classname="backend.tests.test_iteration29_download_links.TestSecurityHeaders" name="test_recent_has_security_headers" time="0.176" /><testcase classname="backend.tests.test_iteration29_download_links.TestSecurityHeaders" name="test_paginated_has_security_headers" time="0.197" /><testcase classname="backend.tests.test_iteration29_download_links.TestSecurityHeaders" name="test_config_has_security_headers" time="0.051" /></testsuite></testsuites>