<?xml version="1.0" encoding="utf-8"?><testsuites name="pytest tests"><testsuite name="pytest" errors="0" failures="0" skipped="2" tests="26" time="6.176" timestamp="2026-04-19T15:19:18.841121+00:00" hostname="agent-env-551f956c-2935-4f82-afdb-c642475149ff"><testcase classname="backend.tests.test_iteration27_features.TestVIPCodes" name="test_create_vip_plus_codes_with_duration_and_quantity" time="0.625" /><testcase classname="backend.tests.test_iteration27_features.TestVIPCodes" name="test_create_vip_code_default_quantity" time="0.109" /><testcase classname="backend.tests.test_iteration27_features.TestVIPCodes" name="test_create_admin_code_no_duration" time="0.122" /><testcase classname="backend.tests.test_iteration27_features.TestVIPCodes" name="test_get_vip_codes_list_has_duration_days" time="0.128" /><testcase classname="backend.tests.test_iteration27_features.TestVIPCodes" name="test_delete_vip_code" time="0.463" /><testcase classname="backend.tests.test_iteration27_features.TestVIPCodeActivation" name="test_activate_vip_plus_code_sets_expiration" time="0.434"><skipped type="pytest.skip" message="Rate limited on registration">/app/backend/tests/test_iteration27_features.py:163: Rate limited on registration</skipped></testcase><testcase classname="backend.tests.test_iteration27_features.TestVIPCodeActivation" name="test_activate_already_used_code_returns_400" time="0.000"><skipped type="pytest.skip" message="Rate limited on registration">/app/backend/tests/test_iteration27_features.py:194: Rate limited on registration</skipped></testcase><testcase classname="backend.tests.test_iteration27_features.TestInfoBanner" name="test_get_info_banner_public_disabled" time="0.559" /><testcase classname="backend.tests.test_iteration27_features.TestInfoBanner" name="test_put_info_banner_admin_persists_and_increments_version" time="0.220" /><testcase classname="backend.tests.test_iteration27_features.TestInfoBanner" name="test_put_info_banner_requires_admin_401" time="0.101" /><testcase classname="backend.tests.test_iteration27_features.TestInfoBanner" name="test_get_info_banner_public_when_enabled" time="0.241" /><testcase classname="backend.tests.test_iteration27_features.TestInfoBanner" name="test_get_admin_info_banner_admin_only" time="0.139" /><testcase classname="backend.tests.test_iteration27_features.TestInfoBanner" name="test_get_admin_info_banner_without_auth_401" time="0.102" /><testcase classname="backend.tests.test_iteration27_features.TestMediaVotes" name="test_vote_tv_channel_like" time="0.583" /><testcase classname="backend.tests.test_iteration27_features.TestMediaVotes" name="test_vote_tv_channel_toggle_off" time="0.221" /><testcase classname="backend.tests.test_iteration27_features.TestMediaVotes" name="test_vote_tv_channel_flip_like_to_dislike" time="0.437" /><testcase classname="backend.tests.test_iteration27_features.TestMediaVotes" name="test_vote_invalid_vote_string_returns_400" time="0.103" /><testcase classname="backend.tests.test_iteration27_features.TestMediaVotes" name="test_vote_without_auth_returns_401" time="0.109" /><testcase classname="backend.tests.test_iteration27_features.TestMediaVotes" name="test_vote_radio_station_works" time="0.214" /><testcase classname="backend.tests.test_iteration27_features.TestMediaVotes" name="test_get_my_media_votes" time="0.124" /><testcase classname="backend.tests.test_iteration27_features.TestMediaListsWithVotes" name="test_tv_channels_have_likes_dislikes" time="0.136" /><testcase classname="backend.tests.test_iteration27_features.TestMediaListsWithVotes" name="test_radio_stations_have_likes_dislikes" time="0.099" /><testcase classname="backend.tests.test_iteration27_features.TestSecurityHeaders" name="test_security_headers_on_info_banner" time="0.094" /><testcase classname="backend.tests.test_iteration27_features.TestSecurityHeaders" name="test_security_headers_on_tv_channels" time="0.136" /><testcase classname="backend.tests.test_iteration27_features.TestSecurityHeaders" name="test_security_headers_on_radio_stations" time="0.114" /><testcase classname="backend.tests.test_iteration27_features.TestSecurityHeaders" name="test_security_headers_on_vip_codes" time="0.450" /></testsuite></testsuites>