<?xml version="1.0" encoding="utf-8"?><testsuites name="pytest tests"><testsuite name="pytest" errors="0" failures="0" skipped="0" tests="20" time="13.428" timestamp="2026-04-15T00:59:43.357553+00:00" hostname="agent-env-f6a58170-39bc-4271-9da9-2b70411851bc"><testcase classname="backend.tests.test_playlist_system.TestPlaylistSystem" name="test_create_playlist" time="1.622" /><testcase classname="backend.tests.test_playlist_system.TestPlaylistSystem" name="test_create_public_playlist" time="1.267" /><testcase classname="backend.tests.test_playlist_system.TestPlaylistSystem" name="test_get_user_playlists" time="0.613" /><testcase classname="backend.tests.test_playlist_system.TestPlaylistSystem" name="test_get_specific_playlist" time="0.610" /><testcase classname="backend.tests.test_playlist_system.TestPlaylistSystem" name="test_delete_playlist" time="0.734" /><testcase classname="backend.tests.test_playlist_system.TestPlaylistSystem" name="test_add_item_to_playlist" time="0.692" /><testcase classname="backend.tests.test_playlist_system.TestPlaylistSystem" name="test_add_tv_item_to_playlist" time="0.987" /><testcase classname="backend.tests.test_playlist_system.TestPlaylistSystem" name="test_remove_item_from_playlist" time="0.765" /><testcase classname="backend.tests.test_playlist_system.TestPlaylistSystem" name="test_add_multiple_items_to_playlist" time="0.771" /><testcase classname="backend.tests.test_playlist_system.TestPlaylistSystem" name="test_discover_public_playlists" time="0.682" /><testcase classname="backend.tests.test_playlist_system.TestPlaylistSystem" name="test_discover_playlists_pagination" time="0.531" /><testcase classname="backend.tests.test_playlist_system.TestPlaylistSystem" name="test_create_playlist_requires_auth" time="0.574" /><testcase classname="backend.tests.test_playlist_system.TestPlaylistSystem" name="test_get_playlists_requires_auth" time="0.564" /><testcase classname="backend.tests.test_playlist_system.TestPlaylistSystem" name="test_add_item_requires_auth" time="0.606" /><testcase classname="backend.tests.test_playlist_system.TestPlaylistSystem" name="test_delete_playlist_requires_auth" time="0.533" /><testcase classname="backend.tests.test_playlist_system.TestPlaylistSystem" name="test_get_nonexistent_playlist" time="0.469" /><testcase classname="backend.tests.test_playlist_system.TestPlaylistSystem" name="test_playlist_with_items_shows_in_list" time="0.656" /><testcase classname="backend.tests.test_playlist_system.TestHealthAndAuth" name="test_health_endpoint" time="0.169" /><testcase classname="backend.tests.test_playlist_system.TestHealthAndAuth" name="test_login_success" time="0.361" /><testcase classname="backend.tests.test_playlist_system.TestHealthAndAuth" name="test_login_invalid_credentials" time="0.127" /></testsuite></testsuites>