<?xml version="1.0" encoding="utf-8"?><testsuites name="pytest tests"><testsuite name="pytest" errors="0" failures="0" skipped="0" tests="21" time="13.662" timestamp="2026-04-19T16:35:21.691355+00:00" hostname="agent-env-551f956c-2935-4f82-afdb-c642475149ff"><testcase classname="backend.tests.test_iteration30_download_links_refactor.TestDownloadLinksRefactor" name="test_download_links_returns_all_items_no_dedup" time="1.456" /><testcase classname="backend.tests.test_iteration30_download_links_refactor.TestDownloadLinksRefactor" name="test_download_links_items_have_required_fields" time="0.321" /><testcase classname="backend.tests.test_iteration30_download_links_refactor.TestDownloadLinksRefactor" name="test_download_links_filter_by_uploader_imperium" time="0.340" /><testcase classname="backend.tests.test_iteration30_download_links_refactor.TestDownloadLinksRefactor" name="test_download_links_filter_by_uploader_dimrost" time="1.211" /><testcase classname="backend.tests.test_iteration30_download_links_refactor.TestDownloadLinksRefactor" name="test_download_links_filter_by_nonexistent_uploader" time="0.265" /><testcase classname="backend.tests.test_iteration30_download_links_refactor.TestDownloadLinksRefactor" name="test_download_links_sort_by_uploader_asc" time="1.372" /><testcase classname="backend.tests.test_iteration30_download_links_refactor.TestDownloadLinksRefactor" name="test_download_links_sort_by_uploader_desc" time="2.479" /><testcase classname="backend.tests.test_iteration30_download_links_refactor.TestDownloadLinksRefactor" name="test_download_links_sort_by_quality_asc" time="1.147" /><testcase classname="backend.tests.test_iteration30_download_links_refactor.TestDownloadLinksRefactor" name="test_download_links_sort_by_quality_desc" time="0.813" /><testcase classname="backend.tests.test_iteration30_download_links_refactor.TestDownloadLinksRefactor" name="test_download_links_invalid_sort_defaults_to_created_at_desc" time="0.297" /><testcase classname="backend.tests.test_iteration30_download_links_refactor.TestDownloadLinksRefactor" name="test_download_links_combined_filters" time="0.259" /><testcase classname="backend.tests.test_iteration30_download_links_refactor.TestDownloadLinksRefactor" name="test_download_links_anonyme_for_missing_profile" time="1.328" /><testcase classname="backend.tests.test_iteration30_download_links_refactor.TestUploadersEndpoint" name="test_uploaders_endpoint_returns_list" time="0.223" /><testcase classname="backend.tests.test_iteration30_download_links_refactor.TestUploadersEndpoint" name="test_uploaders_endpoint_is_public" time="0.245" /><testcase classname="backend.tests.test_iteration30_download_links_refactor.TestUploadersEndpoint" name="test_uploaders_only_uploader_and_admin_roles" time="0.298" /><testcase classname="backend.tests.test_iteration30_download_links_refactor.TestUploadersEndpoint" name="test_uploaders_sorted_by_username" time="0.210" /><testcase classname="backend.tests.test_iteration30_download_links_refactor.TestRecentEndpointUnchanged" name="test_recent_still_deduplicates" time="0.235" /><testcase classname="backend.tests.test_iteration30_download_links_refactor.TestSecurityHeaders" name="test_no_supabase_credentials_in_download_links_response" time="0.305" /><testcase classname="backend.tests.test_iteration30_download_links_refactor.TestSecurityHeaders" name="test_no_supabase_credentials_in_uploaders_response" time="0.260" /><testcase classname="backend.tests.test_iteration30_download_links_refactor.TestSecurityHeaders" name="test_security_headers_on_download_links" time="0.270" /><testcase classname="backend.tests.test_iteration30_download_links_refactor.TestSecurityHeaders" name="test_security_headers_on_uploaders" time="0.219" /></testsuite></testsuites>