<?xml version="1.0" encoding="utf-8"?><testsuites name="pytest tests"><testsuite name="pytest" errors="0" failures="0" skipped="0" tests="11" time="6.995" timestamp="2026-04-15T21:51:18.428186+00:00" hostname="agent-env-40b26e6f-ebb0-4305-b585-5ab9125bd49d"><testcase classname="backend.tests.test_iteration17.TestPlaylistCustomization" name="test_create_playlist_for_customization" time="0.873" /><testcase classname="backend.tests.test_iteration17.TestPlaylistCustomization" name="test_customize_playlist_description" time="0.709" /><testcase classname="backend.tests.test_iteration17.TestPlaylistCustomization" name="test_customize_playlist_icon" time="0.751" /><testcase classname="backend.tests.test_iteration17.TestPlaylistCustomization" name="test_customize_playlist_is_public" time="0.808" /><testcase classname="backend.tests.test_iteration17.TestPlaylistCustomization" name="test_customize_playlist_color_and_gradient" time="0.687" /><testcase classname="backend.tests.test_iteration17.TestPlaylistCustomization" name="test_customize_playlist_cover_url_vip" time="0.686" /><testcase classname="backend.tests.test_iteration17.TestPlaylistCustomization" name="test_customize_multiple_fields_at_once" time="0.710" /><testcase classname="backend.tests.test_iteration17.TestPlaylistDetailEndpoint" name="test_playlist_detail_includes_user_info" time="0.629" /><testcase classname="backend.tests.test_iteration17.TestHealthAndAuth" name="test_health_endpoint" time="0.143" /><testcase classname="backend.tests.test_iteration17.TestHealthAndAuth" name="test_login_admin" time="0.366" /><testcase classname="backend.tests.test_iteration17.TestCleanup" name="test_cleanup_test_playlists" time="0.543" /></testsuite></testsuites>