<?xml version="1.0" encoding="utf-8"?><testsuites name="pytest tests"><testsuite name="pytest" errors="0" failures="0" skipped="0" tests="15" time="3.818" timestamp="2026-04-15T17:02:17.412882+00:00" hostname="agent-env-40b26e6f-ebb0-4305-b585-5ab9125bd49d"><testcase classname="backend.tests.test_wavewatch_iteration13.TestAdminAuth" name="test_admin_login_success" time="0.509" /><testcase classname="backend.tests.test_wavewatch_iteration13.TestAdminAuth" name="test_admin_login_wrong_password" time="0.355" /><testcase classname="backend.tests.test_wavewatch_iteration13.TestAdminEnhancedStats" name="test_enhanced_stats_endpoint" time="0.658" /><testcase classname="backend.tests.test_wavewatch_iteration13.TestAdminEnhancedStats" name="test_enhanced_stats_requires_admin" time="0.142" /><testcase classname="backend.tests.test_wavewatch_iteration13.TestTVChannels" name="test_get_tv_channels" time="0.129" /><testcase classname="backend.tests.test_wavewatch_iteration13.TestTVChannels" name="test_tv_channel_has_logo" time="0.126" /><testcase classname="backend.tests.test_wavewatch_iteration13.TestUniversalSearch" name="test_search_tv_channel" time="0.119" /><testcase classname="backend.tests.test_wavewatch_iteration13.TestUniversalSearch" name="test_search_radio_station" time="0.119" /><testcase classname="backend.tests.test_wavewatch_iteration13.TestUniversalSearch" name="test_search_returns_multiple_types" time="0.103" /><testcase classname="backend.tests.test_wavewatch_iteration13.TestUniversalSearch" name="test_search_empty_query" time="0.107" /><testcase classname="backend.tests.test_wavewatch_iteration13.TestRadioStations" name="test_get_radio_stations" time="0.108" /><testcase classname="backend.tests.test_wavewatch_iteration13.TestModuleSettings" name="test_get_home_modules" time="0.105" /><testcase classname="backend.tests.test_wavewatch_iteration13.TestPlaylists" name="test_create_playlist" time="0.505" /><testcase classname="backend.tests.test_wavewatch_iteration13.TestPlaylists" name="test_get_playlists" time="0.435" /><testcase classname="backend.tests.test_wavewatch_iteration13.TestHealthCheck" name="test_health_endpoint" time="0.132" /></testsuite></testsuites>